 WARN 2019-55-21 04:55:34 by.epam.javatraining.alekseev.tasks.maintask02.model.logic.Helper calculateTotalVitaminB12 line:76 MESSAGE: Method received bad parameter! Fruit refers to null!
 WARN 2019-55-21 04:55:34 by.epam.javatraining.alekseev.tasks.maintask02.model.logic.Helper findByVitaminB12Range line:186 MESSAGE: Method received bad parameter! Fruit refers to null!
 WARN 2019-55-21 04:55:34 by.epam.javatraining.alekseev.tasks.maintask02.model.logic.Helper calculateTotalVitaminC line:50 MESSAGE: Method received bad parameter! Fruit refers to null!
 WARN 2019-55-21 04:55:34 by.epam.javatraining.alekseev.tasks.maintask02.model.logic.Helper calculateTotalVitaminD line:63 MESSAGE: Method received bad parameter! Fruit refers to null!
 WARN 2019-55-21 04:55:34 by.epam.javatraining.alekseev.tasks.maintask02.model.logic.Helper findByVitaminDRange line:168 MESSAGE: Method received bad parameter! Fruit refers to null!
 WARN 2019-55-21 04:55:34 by.epam.javatraining.alekseev.tasks.maintask02.model.logic.Helper findByCaloriesRange line:132 MESSAGE: Method received bad parameter! Fruit refers to null!
 WARN 2019-55-21 04:55:34 by.epam.javatraining.alekseev.tasks.maintask02.model.logic.Helper calculateTotalWeight line:22 MESSAGE: Method received bad parameter! Fruit refers to null!
 WARN 2019-55-21 04:55:34 by.epam.javatraining.alekseev.tasks.maintask02.model.logic.Helper findTheLowestCalorieFruit line:221 MESSAGE: Method received bad parameter! Fruit refers to null!
 WARN 2019-55-21 04:55:34 by.epam.javatraining.alekseev.tasks.maintask02.model.logic.Helper findTheMostHighCalorieFruit line:204 MESSAGE: Method received bad parameter! Fruit refers to null!
 WARN 2019-55-21 04:55:34 by.epam.javatraining.alekseev.tasks.maintask02.model.logic.Helper calculateTotalCalories line:35 MESSAGE: Method received bad parameter! Fruit refers to null!
 WARN 2019-55-21 04:55:34 by.epam.javatraining.alekseev.tasks.maintask02.model.logic.Helper findByVitaminCRange line:150 MESSAGE: Method received bad parameter! Fruit refers to null!
 WARN 2019-55-21 04:55:56 by.epam.javatraining.alekseev.tasks.maintask02.model.logic.Helper calculateTotalVitaminB12 line:76 MESSAGE: Method received bad parameter! Fruit refers to null!
 WARN 2019-55-21 04:55:56 by.epam.javatraining.alekseev.tasks.maintask02.model.logic.Helper findByVitaminB12Range line:186 MESSAGE: Method received bad parameter! Fruit refers to null!
 WARN 2019-55-21 04:55:56 by.epam.javatraining.alekseev.tasks.maintask02.model.logic.Helper calculateTotalVitaminC line:50 MESSAGE: Method received bad parameter! Fruit refers to null!
 WARN 2019-55-21 04:55:56 by.epam.javatraining.alekseev.tasks.maintask02.model.logic.Helper calculateTotalVitaminD line:63 MESSAGE: Method received bad parameter! Fruit refers to null!
 WARN 2019-55-21 04:55:56 by.epam.javatraining.alekseev.tasks.maintask02.model.logic.Helper findByVitaminDRange line:168 MESSAGE: Method received bad parameter! Fruit refers to null!
 WARN 2019-55-21 04:55:56 by.epam.javatraining.alekseev.tasks.maintask02.model.logic.Helper findByCaloriesRange line:132 MESSAGE: Method received bad parameter! Fruit refers to null!
 WARN 2019-55-21 04:55:56 by.epam.javatraining.alekseev.tasks.maintask02.model.logic.Helper calculateTotalWeight line:22 MESSAGE: Method received bad parameter! Fruit refers to null!
 WARN 2019-55-21 04:55:56 by.epam.javatraining.alekseev.tasks.maintask02.model.logic.Helper findTheLowestCalorieFruit line:221 MESSAGE: Method received bad parameter! Fruit refers to null!
 WARN 2019-55-21 04:55:56 by.epam.javatraining.alekseev.tasks.maintask02.model.logic.Helper findTheMostHighCalorieFruit line:204 MESSAGE: Method received bad parameter! Fruit refers to null!
 WARN 2019-55-21 04:55:56 by.epam.javatraining.alekseev.tasks.maintask02.model.logic.Helper calculateTotalCalories line:35 MESSAGE: Method received bad parameter! Fruit refers to null!
 WARN 2019-55-21 04:55:56 by.epam.javatraining.alekseev.tasks.maintask02.model.logic.Helper findByVitaminCRange line:150 MESSAGE: Method received bad parameter! Fruit refers to null!
 WARN 2019-58-21 04:58:09 by.epam.javatraining.alekseev.tasks.maintask02.model.logic.Helper calculateTotalVitaminB12 line:76 MESSAGE: Method received bad parameter! Fruit refers to null!
 WARN 2019-58-21 04:58:09 by.epam.javatraining.alekseev.tasks.maintask02.model.logic.Helper findByVitaminB12Range line:186 MESSAGE: Method received bad parameter! Fruit refers to null!
 WARN 2019-58-21 04:58:09 by.epam.javatraining.alekseev.tasks.maintask02.model.logic.Helper calculateTotalVitaminC line:50 MESSAGE: Method received bad parameter! Fruit refers to null!
 WARN 2019-58-21 04:58:09 by.epam.javatraining.alekseev.tasks.maintask02.model.logic.Helper calculateTotalVitaminD line:63 MESSAGE: Method received bad parameter! Fruit refers to null!
 WARN 2019-58-21 04:58:09 by.epam.javatraining.alekseev.tasks.maintask02.model.logic.Helper findByVitaminDRange line:168 MESSAGE: Method received bad parameter! Fruit refers to null!
 WARN 2019-58-21 04:58:09 by.epam.javatraining.alekseev.tasks.maintask02.model.logic.Helper findByCaloriesRange line:132 MESSAGE: Method received bad parameter! Fruit refers to null!
 WARN 2019-58-21 04:58:09 by.epam.javatraining.alekseev.tasks.maintask02.model.logic.Helper calculateTotalWeight line:22 MESSAGE: Method received bad parameter! Fruit refers to null!
 WARN 2019-58-21 04:58:09 by.epam.javatraining.alekseev.tasks.maintask02.model.logic.Helper findTheLowestCalorieFruit line:221 MESSAGE: Method received bad parameter! Fruit refers to null!
 WARN 2019-58-21 04:58:09 by.epam.javatraining.alekseev.tasks.maintask02.model.logic.Helper findTheMostHighCalorieFruit line:204 MESSAGE: Method received bad parameter! Fruit refers to null!
 WARN 2019-58-21 04:58:09 by.epam.javatraining.alekseev.tasks.maintask02.model.logic.Helper calculateTotalCalories line:35 MESSAGE: Method received bad parameter! Fruit refers to null!
 WARN 2019-58-21 04:58:22 by.epam.javatraining.alekseev.tasks.maintask02.model.logic.Helper calculateTotalVitaminB12 line:76 MESSAGE: Method received bad parameter! Fruit refers to null!
 WARN 2019-58-21 04:58:22 by.epam.javatraining.alekseev.tasks.maintask02.model.logic.Helper findByVitaminB12Range line:186 MESSAGE: Method received bad parameter! Fruit refers to null!
 WARN 2019-58-21 04:58:22 by.epam.javatraining.alekseev.tasks.maintask02.model.logic.Helper calculateTotalVitaminC line:50 MESSAGE: Method received bad parameter! Fruit refers to null!
 WARN 2019-58-21 04:58:22 by.epam.javatraining.alekseev.tasks.maintask02.model.logic.Helper calculateTotalVitaminD line:63 MESSAGE: Method received bad parameter! Fruit refers to null!
 WARN 2019-58-21 04:58:22 by.epam.javatraining.alekseev.tasks.maintask02.model.logic.Helper findByVitaminDRange line:168 MESSAGE: Method received bad parameter! Fruit refers to null!
 WARN 2019-58-21 04:58:22 by.epam.javatraining.alekseev.tasks.maintask02.model.logic.Helper findByCaloriesRange line:132 MESSAGE: Method received bad parameter! Fruit refers to null!
 WARN 2019-58-21 04:58:22 by.epam.javatraining.alekseev.tasks.maintask02.model.logic.Helper calculateTotalWeight line:22 MESSAGE: Method received bad parameter! Fruit refers to null!
 WARN 2019-58-21 04:58:22 by.epam.javatraining.alekseev.tasks.maintask02.model.logic.Helper findTheLowestCalorieFruit line:221 MESSAGE: Method received bad parameter! Fruit refers to null!
 WARN 2019-58-21 04:58:22 by.epam.javatraining.alekseev.tasks.maintask02.model.logic.Helper findTheMostHighCalorieFruit line:204 MESSAGE: Method received bad parameter! Fruit refers to null!
 WARN 2019-58-21 04:58:22 by.epam.javatraining.alekseev.tasks.maintask02.model.logic.Helper calculateTotalCalories line:35 MESSAGE: Method received bad parameter! Fruit refers to null!
 WARN 2019-06-21 05:06:07 by.epam.javatraining.alekseev.tasks.maintask02.model.logic.Helper calculateTotalVitaminB12 line:76 MESSAGE: Method received bad parameter! Fruit refers to null!
 WARN 2019-06-21 05:06:07 by.epam.javatraining.alekseev.tasks.maintask02.model.logic.Helper findByVitaminB12Range line:186 MESSAGE: Method received bad parameter! Fruit refers to null!
 WARN 2019-06-21 05:06:07 by.epam.javatraining.alekseev.tasks.maintask02.model.logic.Helper calculateTotalVitaminC line:50 MESSAGE: Method received bad parameter! Fruit refers to null!
 WARN 2019-06-21 05:06:07 by.epam.javatraining.alekseev.tasks.maintask02.model.logic.Helper calculateTotalVitaminD line:63 MESSAGE: Method received bad parameter! Fruit refers to null!
 WARN 2019-06-21 05:06:07 by.epam.javatraining.alekseev.tasks.maintask02.model.logic.Helper findByVitaminDRange line:168 MESSAGE: Method received bad parameter! Fruit refers to null!
 WARN 2019-06-21 05:06:07 by.epam.javatraining.alekseev.tasks.maintask02.model.logic.Helper findByCaloriesRange line:132 MESSAGE: Method received bad parameter! Fruit refers to null!
 WARN 2019-06-21 05:06:07 by.epam.javatraining.alekseev.tasks.maintask02.model.logic.Helper calculateTotalWeight line:22 MESSAGE: Method received bad parameter! Fruit refers to null!
 WARN 2019-06-21 05:06:07 by.epam.javatraining.alekseev.tasks.maintask02.model.logic.Helper findTheLowestCalorieFruit line:221 MESSAGE: Method received bad parameter! Fruit refers to null!
 WARN 2019-06-21 05:06:07 by.epam.javatraining.alekseev.tasks.maintask02.model.logic.Helper findTheMostHighCalorieFruit line:204 MESSAGE: Method received bad parameter! Fruit refers to null!
 WARN 2019-06-21 05:06:07 by.epam.javatraining.alekseev.tasks.maintask02.model.logic.Helper calculateTotalCalories line:35 MESSAGE: Method received bad parameter! Fruit refers to null!
 WARN 2019-06-21 05:06:07 by.epam.javatraining.alekseev.tasks.maintask02.model.logic.Helper findByVitaminDRange line:168 MESSAGE: Method received bad parameter! Fruit refers to null!
 WARN 2019-06-21 05:06:07 by.epam.javatraining.alekseev.tasks.maintask02.model.logic.Helper findByVitaminCRange line:150 MESSAGE: Method received bad parameter! Fruit refers to null!
 WARN 2019-06-21 05:06:33 by.epam.javatraining.alekseev.tasks.maintask02.model.logic.Helper calculateTotalVitaminB12 line:76 MESSAGE: Method received bad parameter! Fruit refers to null!
 WARN 2019-06-21 05:06:33 by.epam.javatraining.alekseev.tasks.maintask02.model.logic.Helper findByVitaminB12Range line:186 MESSAGE: Method received bad parameter! Fruit refers to null!
 WARN 2019-06-21 05:06:33 by.epam.javatraining.alekseev.tasks.maintask02.model.logic.Helper calculateTotalVitaminC line:50 MESSAGE: Method received bad parameter! Fruit refers to null!
 WARN 2019-06-21 05:06:33 by.epam.javatraining.alekseev.tasks.maintask02.model.logic.Helper calculateTotalVitaminD line:63 MESSAGE: Method received bad parameter! Fruit refers to null!
 WARN 2019-06-21 05:06:33 by.epam.javatraining.alekseev.tasks.maintask02.model.logic.Helper findByCaloriesRange line:132 MESSAGE: Method received bad parameter! Fruit refers to null!
 WARN 2019-06-21 05:06:33 by.epam.javatraining.alekseev.tasks.maintask02.model.logic.Helper calculateTotalWeight line:22 MESSAGE: Method received bad parameter! Fruit refers to null!
 WARN 2019-06-21 05:06:33 by.epam.javatraining.alekseev.tasks.maintask02.model.logic.Helper findTheLowestCalorieFruit line:221 MESSAGE: Method received bad parameter! Fruit refers to null!
 WARN 2019-06-21 05:06:33 by.epam.javatraining.alekseev.tasks.maintask02.model.logic.Helper findTheMostHighCalorieFruit line:204 MESSAGE: Method received bad parameter! Fruit refers to null!
 WARN 2019-06-21 05:06:33 by.epam.javatraining.alekseev.tasks.maintask02.model.logic.Helper calculateTotalCalories line:35 MESSAGE: Method received bad parameter! Fruit refers to null!
 WARN 2019-06-21 05:06:33 by.epam.javatraining.alekseev.tasks.maintask02.model.logic.Helper findByVitaminDRange line:168 MESSAGE: Method received bad parameter! Fruit refers to null!
 WARN 2019-06-21 05:06:33 by.epam.javatraining.alekseev.tasks.maintask02.model.logic.Helper findByVitaminCRange line:150 MESSAGE: Method received bad parameter! Fruit refers to null!
 WARN 2019-07-21 05:07:50 by.epam.javatraining.alekseev.tasks.maintask02.model.logic.Helper calculateTotalVitaminB12 line:76 MESSAGE: Method received bad parameter! Fruit refers to null!
 WARN 2019-07-21 05:07:50 by.epam.javatraining.alekseev.tasks.maintask02.model.logic.Helper findByVitaminB12Range line:186 MESSAGE: Method received bad parameter! Fruit refers to null!
 WARN 2019-07-21 05:07:50 by.epam.javatraining.alekseev.tasks.maintask02.model.logic.Helper calculateTotalVitaminC line:50 MESSAGE: Method received bad parameter! Fruit refers to null!
 WARN 2019-07-21 05:07:50 by.epam.javatraining.alekseev.tasks.maintask02.model.logic.Helper calculateTotalVitaminD line:63 MESSAGE: Method received bad parameter! Fruit refers to null!
 WARN 2019-07-21 05:07:50 by.epam.javatraining.alekseev.tasks.maintask02.model.logic.Helper findByCaloriesRange line:132 MESSAGE: Method received bad parameter! Fruit refers to null!
 WARN 2019-07-21 05:07:50 by.epam.javatraining.alekseev.tasks.maintask02.model.logic.Helper calculateTotalWeight line:22 MESSAGE: Method received bad parameter! Fruit refers to null!
 WARN 2019-07-21 05:07:50 by.epam.javatraining.alekseev.tasks.maintask02.model.logic.Helper findTheLowestCalorieFruit line:221 MESSAGE: Method received bad parameter! Fruit refers to null!
 WARN 2019-07-21 05:07:50 by.epam.javatraining.alekseev.tasks.maintask02.model.logic.Helper findTheMostHighCalorieFruit line:204 MESSAGE: Method received bad parameter! Fruit refers to null!
 WARN 2019-07-21 05:07:50 by.epam.javatraining.alekseev.tasks.maintask02.model.logic.Helper calculateTotalCalories line:35 MESSAGE: Method received bad parameter! Fruit refers to null!
 WARN 2019-07-21 05:07:50 by.epam.javatraining.alekseev.tasks.maintask02.model.logic.Helper findByVitaminDRange line:168 MESSAGE: Method received bad parameter! Fruit refers to null!
 WARN 2019-07-21 05:07:50 by.epam.javatraining.alekseev.tasks.maintask02.model.logic.Helper findByVitaminCRange line:150 MESSAGE: Method received bad parameter! Fruit refers to null!
 WARN 2019-12-21 05:12:16 by.epam.javatraining.alekseev.tasks.maintask02.model.logic.Helper findByVitaminB12Range line:186 MESSAGE: Method received bad parameter! Fruit refers to null!
 WARN 2019-12-21 05:12:16 by.epam.javatraining.alekseev.tasks.maintask02.model.logic.Helper calculateTotalVitaminB12 line:76 MESSAGE: Method received bad parameter! Fruit refers to null!
 WARN 2019-12-21 05:12:16 by.epam.javatraining.alekseev.tasks.maintask02.model.logic.Helper calculateTotalVitaminC line:50 MESSAGE: Method received bad parameter! Fruit refers to null!
 WARN 2019-12-21 05:12:16 by.epam.javatraining.alekseev.tasks.maintask02.model.logic.Helper calculateTotalVitaminD line:63 MESSAGE: Method received bad parameter! Fruit refers to null!
 WARN 2019-12-21 05:12:16 by.epam.javatraining.alekseev.tasks.maintask02.model.logic.Helper findByCaloriesRange line:132 MESSAGE: Method received bad parameter! Fruit refers to null!
 WARN 2019-12-21 05:12:16 by.epam.javatraining.alekseev.tasks.maintask02.model.logic.Helper calculateTotalWeight line:22 MESSAGE: Method received bad parameter! Fruit refers to null!
 WARN 2019-12-21 05:12:16 by.epam.javatraining.alekseev.tasks.maintask02.model.logic.Helper findTheLowestCalorieFruit line:221 MESSAGE: Method received bad parameter! Fruit refers to null!
 WARN 2019-12-21 05:12:16 by.epam.javatraining.alekseev.tasks.maintask02.model.logic.Helper findTheMostHighCalorieFruit line:204 MESSAGE: Method received bad parameter! Fruit refers to null!
 WARN 2019-12-21 05:12:16 by.epam.javatraining.alekseev.tasks.maintask02.model.logic.Helper calculateTotalCalories line:35 MESSAGE: Method received bad parameter! Fruit refers to null!
 WARN 2019-12-21 05:12:16 by.epam.javatraining.alekseev.tasks.maintask02.model.logic.Helper findByVitaminDRange line:168 MESSAGE: Method received bad parameter! Fruit refers to null!
 WARN 2019-12-21 05:12:16 by.epam.javatraining.alekseev.tasks.maintask02.model.logic.Helper findByVitaminCRange line:150 MESSAGE: Method received bad parameter! Fruit refers to null!
 WARN 2019-15-21 05:15:38 by.epam.javatraining.alekseev.tasks.maintask02.model.logic.Helper findByVitaminB12Range line:186 MESSAGE: Method received bad parameter! Fruit refers to null!
 WARN 2019-15-21 05:15:38 by.epam.javatraining.alekseev.tasks.maintask02.model.logic.Helper calculateTotalVitaminB12 line:76 MESSAGE: Method received bad parameter! Fruit refers to null!
 WARN 2019-15-21 05:15:38 by.epam.javatraining.alekseev.tasks.maintask02.model.logic.Helper calculateTotalVitaminC line:50 MESSAGE: Method received bad parameter! Fruit refers to null!
 WARN 2019-15-21 05:15:38 by.epam.javatraining.alekseev.tasks.maintask02.model.logic.Helper calculateTotalVitaminD line:63 MESSAGE: Method received bad parameter! Fruit refers to null!
 WARN 2019-15-21 05:15:38 by.epam.javatraining.alekseev.tasks.maintask02.model.logic.Helper findByCaloriesRange line:132 MESSAGE: Method received bad parameter! Fruit refers to null!
 WARN 2019-15-21 05:15:38 by.epam.javatraining.alekseev.tasks.maintask02.model.logic.Helper calculateTotalWeight line:22 MESSAGE: Method received bad parameter! Fruit refers to null!
 WARN 2019-15-21 05:15:38 by.epam.javatraining.alekseev.tasks.maintask02.model.logic.Helper calculateTotalCalories line:35 MESSAGE: Method received bad parameter! Fruit refers to null!
 WARN 2019-15-21 05:15:38 by.epam.javatraining.alekseev.tasks.maintask02.model.logic.Helper findTheMostHighCalorieFruit line:204 MESSAGE: Method received bad parameter! Fruit refers to null!
 WARN 2019-15-21 05:15:38 by.epam.javatraining.alekseev.tasks.maintask02.model.logic.Helper findTheLowestCalorieFruit line:221 MESSAGE: Method received bad parameter! Fruit refers to null!
 WARN 2019-15-21 05:15:38 by.epam.javatraining.alekseev.tasks.maintask02.model.logic.Helper findByVitaminDRange line:168 MESSAGE: Method received bad parameter! Fruit refers to null!
 WARN 2019-15-21 05:15:38 by.epam.javatraining.alekseev.tasks.maintask02.model.logic.Helper findByVitaminCRange line:150 MESSAGE: Method received bad parameter! Fruit refers to null!
 WARN 2019-15-21 05:15:56 by.epam.javatraining.alekseev.tasks.maintask02.model.logic.Helper findByVitaminB12Range line:186 MESSAGE: Method received bad parameter! Fruit refers to null!
 WARN 2019-15-21 05:15:56 by.epam.javatraining.alekseev.tasks.maintask02.model.logic.Helper calculateTotalVitaminB12 line:76 MESSAGE: Method received bad parameter! Fruit refers to null!
 WARN 2019-15-21 05:15:56 by.epam.javatraining.alekseev.tasks.maintask02.model.logic.Helper calculateTotalVitaminC line:50 MESSAGE: Method received bad parameter! Fruit refers to null!
 WARN 2019-15-21 05:15:56 by.epam.javatraining.alekseev.tasks.maintask02.model.logic.Helper calculateTotalVitaminD line:63 MESSAGE: Method received bad parameter! Fruit refers to null!
 WARN 2019-15-21 05:15:56 by.epam.javatraining.alekseev.tasks.maintask02.model.logic.Helper findByCaloriesRange line:132 MESSAGE: Method received bad parameter! Fruit refers to null!
 WARN 2019-15-21 05:15:56 by.epam.javatraining.alekseev.tasks.maintask02.model.logic.Helper calculateTotalWeight line:22 MESSAGE: Method received bad parameter! Fruit refers to null!
 WARN 2019-15-21 05:15:56 by.epam.javatraining.alekseev.tasks.maintask02.model.logic.Helper calculateTotalCalories line:35 MESSAGE: Method received bad parameter! Fruit refers to null!
 WARN 2019-15-21 05:15:56 by.epam.javatraining.alekseev.tasks.maintask02.model.logic.Helper findTheMostHighCalorieFruit line:204 MESSAGE: Method received bad parameter! Fruit refers to null!
 WARN 2019-15-21 05:15:56 by.epam.javatraining.alekseev.tasks.maintask02.model.logic.Helper findTheLowestCalorieFruit line:221 MESSAGE: Method received bad parameter! Fruit refers to null!
 WARN 2019-15-21 05:15:56 by.epam.javatraining.alekseev.tasks.maintask02.model.logic.Helper findByVitaminDRange line:168 MESSAGE: Method received bad parameter! Fruit refers to null!
 WARN 2019-15-21 05:15:56 by.epam.javatraining.alekseev.tasks.maintask02.model.logic.Helper findByVitaminCRange line:150 MESSAGE: Method received bad parameter! Fruit refers to null!
